<?xml version="1.0" encoding="UTF-8"?>
<testsuite name="hackathon.AppTest" tests="1" skipped="0" failures="0" errors="0" timestamp="2025-02-01T07:51:04" hostname="X3N0G" time="0.017">
  <properties/>
  <testcase name="appHasAGreeting()" classname="hackathon.AppTest" time="0.017"/>
  <system-out><![CDATA[]]></system-out>
  <system-err><![CDATA[]]></system-err>
</testsuite>
